[    0.000000] Linux version 4.15.0-169-generic (buildd@lcy02-amd64-015) (gcc version 7.5.0 (Ubuntu 7.5.0-3ubuntu1~18.04)) #177-Ubuntu SMP Thu Feb 3 10:50:38 UTC 2022 (Ubuntu 4.15.0-169.177-generic 4.15.18)
[    0.000000] Command line: BOOT_IMAGE=/boot/vmlinuz-4.15.0-169-generic root=LABEL=cloudimg-rootfs ro console=tty1 console=ttyS0
[    0.000000] KERNEL supported cpus:
[    0.000000]   Intel GenuineIntel
[    0.000000]   AMD AuthenticAMD
[    0.000000]   Centaur CentaurHauls
[    0.000000] x86/fpu: x87 FPU will use FXSAVE
[    0.000000] e820: BIOS-provided physical RAM map:
[    0.000000] BIOS-e820: [mem 0x0000000000000000-0x000000000009fbff] usable
[    0.000000] BIOS-e820: [mem 0x000000000009fc00-0x000000000009ffff] reserved
[    0.000000] BIOS-e820: [mem 0x00000000000f0000-0x00000000000fffff] reserved
[    0.000000] BIOS-e820: [mem 0x0000000000100000-0x000000003ffeffff] usable
[    0.000000] BIOS-e820: [mem 0x000000003fff0000-0x000000003fffffff] ACPI data
[    0.000000] BIOS-e820: [mem 0x00000000fec00000-0x00000000fec00fff] reserved
[    0.000000] BIOS-e820: [mem 0x00000000fee00000-0x00000000fee00fff] reserved
[    0.000000] BIOS-e820: [mem 0x00000000fffc0000-0x00000000ffffffff] reserved
[    0.000000] NX (Execute Disable) protection: active
[    0.000000] SMBIOS 2.5 present.
[    0.000000] DMI: innotek GmbH VirtualBox/VirtualBox, BIOS VirtualBox 12/01/2006
[    0.000000] Hypervisor detected: KVM
[    0.000000] e820: last_pfn = 0x3fff0 max_arch_pfn = 0x400000000
[    0.000000] MTRR: Disabled
[    0.000000] x86/PAT: MTRRs disabled, skipping PAT initialization too.
[    0.000000] CPU MTRRs all blank - virtualized system.
[    0.000000] x86/PAT: Configuration [0-7]: WB  WT  UC- UC  WB  WT  UC- UC  
[    0.000000] found SMP MP-table at [mem 0x0009fff0-0x0009ffff]
[    0.000000] Scanning 1 areas for low memory corruption
[    0.000000] RAMDISK: [mem 0x359cb000-0x36cdcfff]
[    0.000000] ACPI: Early table checksum verification disabled
[    0.000000] ACPI: RSDP 0x00000000000E0000 000024 (v02 VBOX  )
[    0.000000] ACPI: XSDT 0x000000003FFF0030 00003C (v01 VBOX   VBOXXSDT 00000001 ASL  00000061)
[    0.000000] ACPI: FACP 0x000000003FFF00F0 0000F4 (v04 VBOX   VBOXFACP 00000001 ASL  00000061)
[    0.000000] ACPI: DSDT 0x000000003FFF0470 002325 (v02 VBOX   VBOXBIOS 00000002 INTL 20100528)
[    0.000000] ACPI: FACS 0x000000003FFF0200 000040
[    0.000000] ACPI: FACS 0x000000003FFF0200 000040
[    0.000000] ACPI: APIC 0x000000003FFF0240 00005C (v02 VBOX   VBOXAPIC 00000001 ASL  00000061)
[    0.000000] ACPI: SSDT 0x000000003FFF02A0 0001CC (v01 VBOX   VBOXCPUT 00000002 INTL 20100528)
[    0.000000] ACPI: Reserving FACP table memory at [mem 0x3fff00f0-0x3fff01e3]
[    0.000000] ACPI: Reserving DSDT table memory at [mem 0x3fff0470-0x3fff2794]
[    0.000000] ACPI: Reserving FACS table memory at [mem 0x3fff0200-0x3fff023f]
[    0.000000] ACPI: Reserving FACS table memory at [mem 0x3fff0200-0x3fff023f]
[    0.000000] ACPI: Reserving APIC table memory at [mem 0x3fff0240-0x3fff029b]
[    0.000000] ACPI: Reserving SSDT table memory at [mem 0x3fff02a0-0x3fff046b]
[    0.000000] No NUMA configuration found
[    0.000000] Faking a node at [mem 0x0000000000000000-0x000000003ffeffff]
[    0.000000] NODE_DATA(0) allocated [mem 0x3ffc5000-0x3ffeffff]
[    0.000000] kvm-clock: cpu 0, msr 0:3ff44001, primary cpu clock
[    0.000000] kvm-clock: Using msrs 4b564d01 and 4b564d00
[    0.000000] kvm-clock: using sched offset of 3551413106 cycles
[    0.000000] clocksource: kvm-clock: mask: 0xffffffffffffffff max_cycles: 0x1cd42e4dffb, max_idle_ns: 881590591483 ns
[    0.000000] Zone ranges:
[    0.000000]   DMA      [mem 0x0000000000001000-0x0000000000ffffff]
[    0.000000]   DMA32    [mem 0x0000000001000000-0x000000003ffeffff]
[    0.000000]   Normal   empty
[    0.000000]   Device   empty
[    0.000000] Movable zone start for each node
[    0.000000] Early memory node ranges
[    0.000000]   node   0: [mem 0x0000000000001000-0x000000000009efff]
[    0.000000]   node   0: [mem 0x0000000000100000-0x000000003ffeffff]
[    0.000000] Reserved but unavailable: 104 pages
[    0.000000] Initmem setup node 0 [mem 0x0000000000001000-0x000000003ffeffff]
[    0.000000] ACPI: PM-Timer IO Port: 0x4008
[    0.000000] IOAPIC[0]: apic_id 2, version 32, address 0xfec00000, GSI 0-23
[    0.000000] ACPI: INT_SRC_OVR (bus 0 bus_irq 0 global_irq 2 dfl dfl)
[    0.000000] ACPI: INT_SRC_OVR (bus 0 bus_irq 9 global_irq 9 low level)
[    0.000000] Using ACPI (MADT) for SMP configuration information
[    0.000000] smpboot: Allowing 2 CPUs, 0 hotplug CPUs
[    0.000000] PM: Registered nosave memory: [mem 0x00000000-0x00000fff]
[    0.000000] PM: Registered nosave memory: [mem 0x0009f000-0x0009ffff]
[    0.000000] PM: Registered nosave memory: [mem 0x000a0000-0x000effff]
[    0.000000] PM: Registered nosave memory: [mem 0x000f0000-0x000fffff]
[    0.000000] e820: [mem 0x40000000-0xfebfffff] available for PCI devices
[    0.000000] Booting paravirtualized kernel on KVM
[    0.000000] clocksource: refined-jiffies: mask: 0xffffffff max_cycles: 0xffffffff, max_idle_ns: 7645519600211568 ns
[    0.000000] random: get_random_bytes called from start_kernel+0x99/0x500 with crng_init=0
[    0.000000] setup_percpu: NR_CPUS:8192 nr_cpumask_bits:2 nr_cpu_ids:2 nr_node_ids:1
[    0.000000] percpu: Embedded 50 pages/cpu s167936 r8192 d28672 u1048576
[    0.000000] PV qspinlock hash table entries: 256 (order: 0, 4096 bytes)
[    0.000000] Built 1 zonelists, mobility grouping on.  Total pages: 257913
[    0.000000] Policy zone: DMA32
[    0.000000] Kernel command line: BOOT_IMAGE=/boot/vmlinuz-4.15.0-169-generic root=LABEL=cloudimg-rootfs ro console=tty1 console=ttyS0
[    0.000000] Memory: 982640K/1048120K available (12300K kernel code, 2483K rwdata, 4324K rodata, 2476K init, 2724K bss, 65480K reserved, 0K cma-reserved)
[    0.000000] SLUB: HWalign=64, Order=0-3, MinObjects=0, CPUs=2, Nodes=1
[    0.000000] ftrace: allocating 39500 entries in 155 pages
[    0.004000] Hierarchical RCU implementation.
[    0.004000] 	RCU restricting CPUs from NR_CPUS=8192 to nr_cpu_ids=2.
[    0.004000] 	Tasks RCU enabled.
[    0.004000] RCU: Adjusting geometry for rcu_fanout_leaf=16, nr_cpu_ids=2
[    0.004000] NR_IRQS: 524544, nr_irqs: 440, preallocated irqs: 16
[    0.004000] Console: colour VGA+ 80x25
[    0.004000] console [tty1] enabled
[    0.004000] console [ttyS0] enabled
[    0.004000] ACPI: Core revision 20170831
[    0.004000] ACPI: 2 ACPI AML tables successfully acquired and loaded
[    0.004000] APIC: Switch to symmetric I/O mode setup
[    0.004000] ..TIMER: vector=0x30 apic1=0 pin1=2 apic2=-1 pin2=-1
[    0.004000] tsc: Detected 2303.998 MHz processor
[    0.004000] Calibrating delay loop (skipped) preset value.. 4607.99 BogoMIPS (lpj=9215992)
[    0.004000] pid_max: default: 32768 minimum: 301
[    0.004000] Security Framework initialized
[    0.004000] Yama: becoming mindful.
[    0.004000] AppArmor: AppArmor initialized
[    0.004000] Dentry cache hash table entries: 131072 (order: 8, 1048576 bytes)
[    0.004000] Inode-cache hash table entries: 65536 (order: 7, 524288 bytes)
[    0.004000] Mount-cache hash table entries: 2048 (order: 2, 16384 bytes)
[    0.004000] Mountpoint-cache hash table entries: 2048 (order: 2, 16384 bytes)
[    0.004766] Last level iTLB entries: 4KB 0, 2MB 0, 4MB 0
[    0.008000] Last level dTLB entries: 4KB 0, 2MB 0, 4MB 0, 1GB 0
[    0.008000] Spectre V1 : Mitigation: usercopy/swapgs barriers and __user pointer sanitization
[    0.008000] Spectre V2 : Mitigation: Enhanced IBRS
[    0.008000] Spectre V2 : Spectre v2 / SpectreRSB mitigation: Filling RSB on context switch
[    0.008000] Speculative Store Bypass: Vulnerable
[    0.008000] Freeing SMP alternatives memory: 36K
[    0.118913] APIC calibration not consistent with PM-Timer: 101ms instead of 100ms
[    0.120000] APIC delta adjusted to PM-Timer: 6264535 (6331179)
[    0.120000] smpboot: CPU0: 11th Gen Intel(R) Core(TM) i7-11800H @ 2.30GHz (family: 0x6, model: 0x8d, stepping: 0x1)
[    0.120000] Performance Events: unsupported p6 CPU model 141 no PMU driver, software events only.
[    0.120000] Hierarchical SRCU implementation.
[    0.120000] NMI watchdog: Perf event create on CPU 0 failed with -2
[    0.120000] NMI watchdog: Perf NMI watchdog permanently disabled
[    0.120000] smp: Bringing up secondary CPUs ...
[    0.120000] x86: Booting SMP configuration:
[    0.120000] .... node  #0, CPUs:      #1
[    0.004000] kvm-clock: cpu 1, msr 0:3ff44041, secondary cpu clock
[    0.124000] TSC synchronization [CPU#0 -> CPU#1]:
[    0.124000] Measured 52114 cycles TSC warp between CPUs, turning off TSC clock.
[    0.124000] tsc: Marking TSC unstable due to check_tsc_sync_source failed
[    0.124062] smp: Brought up 1 node, 2 CPUs
[    0.126413] smpboot: Max logical packages: 1
[    0.128000] smpboot: Total of 2 processors activated (9215.99 BogoMIPS)
[    0.128572] devtmpfs: initialized
[    0.129924] x86/mm: Memory block size: 128MB
[    0.132000] evm: security.selinux
[    0.132000] evm: security.SMACK64
[    0.132000] evm: security.SMACK64EXEC
[    0.132000] evm: security.SMACK64TRANSMUTE
[    0.132000] evm: security.SMACK64MMAP
[    0.132000] evm: security.apparmor
[    0.132000] evm: security.ima
[    0.132000] evm: security.capability
[    0.132345] clocksource: jiffies: mask: 0xffffffff max_cycles: 0xffffffff, max_idle_ns: 7645041785100000 ns
[    0.136000] futex hash table entries: 512 (order: 3, 32768 bytes)
[    0.136000] pinctrl core: initialized pinctrl subsystem
[    0.136000] RTC time: 10:45:24, date: 03/03/22
[    0.136000] NET: Registered protocol family 16
[    0.136000] audit: initializing netlink subsys (disabled)
[    0.136067] audit: type=2000 audit(1646304328.627:1): state=initialized audit_enabled=0 res=1
[    0.144074] cpuidle: using governor ladder
[    0.146214] cpuidle: using governor menu
[    0.148000] ACPI: bus type PCI registered
[    0.148000] acpiphp: ACPI Hot Plug PCI Controller Driver version: 0.5
[    0.148000] PCI: Using configuration type 1 for base access
[    0.152475] HugeTLB registered 2.00 MiB page size, pre-allocated 0 pages
[    0.156367] ACPI: Added _OSI(Module Device)
[    0.158411] ACPI: Added _OSI(Processor Device)
[    0.160000] ACPI: Added _OSI(3.0 _SCP Extensions)
[    0.160000] ACPI: Added _OSI(Processor Aggregator Device)
[    0.160000] ACPI: Added _OSI(Linux-Dell-Video)
[    0.160000] ACPI: Added _OSI(Linux-Lenovo-NV-HDMI-Audio)
[    0.160000] ACPI: Added _OSI(Linux-HPI-Hybrid-Graphics)
[    0.160444] ACPI: Executed 1 blocks of module-level executable AML code
[    0.165326] ACPI: Interpreter enabled
[    0.167715] ACPI: (supports S0 S5)
[    0.168000] ACPI: Using IOAPIC for interrupt routing
[    0.168206] PCI: Using host bridge windows from ACPI; if necessary, use "pci=nocrs" and report a bug
[    0.172000] ACPI: Enabled 2 GPEs in block 00 to 07
[    0.178621] ACPI: PCI Root Bridge [PCI0] (domain 0000 [bus 00-ff])
[    0.180000] acpi PNP0A03:00: _OSC: OS supports [ASPM ClockPM Segments MSI]
[    0.180439] acpi PNP0A03:00: _OSC: not requesting OS control; OS requires [ExtendedConfig ASPM ClockPM MSI]
[    0.184000] acpi PNP0A03:00: fail to add MMCONFIG information, can't access extended PCI configuration space under this bridge.
[    0.188300] PCI host bridge to bus 0000:00
[    0.191275] pci_bus 0000:00: root bus resource [io  0x0000-0x0cf7 window]
[    0.192000] pci_bus 0000:00: root bus resource [io  0x0d00-0xffff window]
[    0.192000] pci_bus 0000:00: root bus resource [mem 0x000a0000-0x000bffff window]
[    0.192000] pci_bus 0000:00: root bus resource [mem 0x40000000-0xfdffffff window]
[    0.192000] pci_bus 0000:00: root bus resource [bus 00-ff]
[    0.198292] pci 0000:00:01.1: legacy IDE quirk: reg 0x10: [io  0x01f0-0x01f7]
[    0.200000] pci 0000:00:01.1: legacy IDE quirk: reg 0x14: [io  0x03f6]
[    0.200000] pci 0000:00:01.1: legacy IDE quirk: reg 0x18: [io  0x0170-0x0177]
[    0.200000] pci 0000:00:01.1: legacy IDE quirk: reg 0x1c: [io  0x0376]
[    0.213373] pci 0000:00:07.0: quirk: [io  0x4000-0x403f] claimed by PIIX4 ACPI
[    0.216000] pci 0000:00:07.0: quirk: [io  0x4100-0x410f] claimed by PIIX4 SMB
[    0.222107] ACPI: PCI Interrupt Link [LNKA] (IRQs 5 9 10 *11)
[    0.224337] ACPI: PCI Interrupt Link [LNKB] (IRQs 5 9 *10 11)
[    0.227697] ACPI: PCI Interrupt Link [LNKC] (IRQs 5 *9 10 11)
[    0.228000] ACPI: PCI Interrupt Link [LNKD] (IRQs 5 9 10 *11)
[    0.228000] SCSI subsystem initialized
[    0.228213] pci 0000:00:02.0: vgaarb: setting as boot VGA device
[    0.231149] pci 0000:00:02.0: vgaarb: VGA device added: decodes=io+mem,owns=io+mem,locks=none
[    0.232000] pci 0000:00:02.0: vgaarb: bridge control possible
[    0.232000] vgaarb: loaded
[    0.232000] ACPI: bus type USB registered
[    0.232000] usbcore: registered new interface driver usbfs
[    0.232000] usbcore: registered new interface driver hub
[    0.232000] usbcore: registered new device driver usb
[    0.232196] EDAC MC: Ver: 3.0.0
[    0.236191] PCI: Using ACPI for IRQ routing
[    0.239012] NetLabel: Initializing
[    0.240000] NetLabel:  domain hash size = 128
[    0.240000] NetLabel:  protocols = UNLABELED CIPSOv4 CALIPSO
[    0.240000] NetLabel:  unlabeled traffic allowed by default
[    0.240273] clocksource: Switched to clocksource kvm-clock
[    0.244000] VFS: Disk quotas dquot_6.6.0
[    0.244000] VFS: Dquot-cache hash table entries: 512 (order 0, 4096 bytes)
[    0.244000] AppArmor: AppArmor Filesystem Enabled
[    0.244000] pnp: PnP ACPI init
[    0.279952] pnp: PnP ACPI: found 3 devices
[    0.309666] clocksource: acpi_pm: mask: 0xffffff max_cycles: 0xffffff, max_idle_ns: 2085701024 ns
[    0.312716] NET: Registered protocol family 2
[    0.312716] IP idents hash table entries: 16384 (order: 5, 131072 bytes)
[    0.312716] TCP established hash table entries: 8192 (order: 4, 65536 bytes)
[    0.321052] TCP bind hash table entries: 8192 (order: 5, 131072 bytes)
[    0.321052] TCP: Hash tables configured (established 8192 bind 8192)
[    0.321052] UDP hash table entries: 512 (order: 2, 16384 bytes)
[    0.321052] UDP-Lite hash table entries: 512 (order: 2, 16384 bytes)
[    0.321052] NET: Registered protocol family 1
[    0.321052] pci 0000:00:00.0: Limiting direct PCI/PCI transfers
[    0.321052] pci 0000:00:01.0: Activating ISA DMA hang workarounds
[    0.321052] pci 0000:00:02.0: Video device with shadowed ROM at [mem 0x000c0000-0x000dffff]
[    0.321052] Unpacking initramfs...
[    0.321052] Freeing initrd memory: 19528K
[    0.321052] clocksource: tsc: mask: 0xffffffffffffffff max_cycles: 0x2135f5e6f15, max_idle_ns: 440795231538 ns
[    0.321052] platform rtc_cmos: registered platform RTC device (no PNP device found)
[    0.321052] Scanning for low memory corruption every 60 seconds
[    0.689539] Initialise system trusted keyrings
[    0.691934] Key type blacklist registered
[    0.694387] workingset: timestamp_bits=36 max_order=18 bucket_order=0
[    0.698256] zbud: loaded
[    0.698256] squashfs: version 4.0 (2009/01/31) Phillip Lougher
[    0.704353] fuse init (API version 7.26)
[    0.721451] Key type asymmetric registered
[    0.724236] Asymmetric key parser 'x509' registered
[    0.725389] Block layer SCSI generic (bsg) driver version 0.4 loaded (major 246)
[    0.730968] io scheduler noop registered
[    0.733056] io scheduler deadline registered
[    0.734826] io scheduler cfq registered (default)
[    0.739393] ACPI: AC Adapter [AC] (on-line)
[    0.741680] input: Power Button as /devices/LNXSYSTM:00/LNXPWRBN:00/input/input0
[    0.745846] ACPI: Power Button [PWRF]
[    0.748252] input: Sleep Button as /devices/LNXSYSTM:00/LNXSLPBN:00/input/input1
[    0.749843] ACPI: Sleep Button [SLPF]
[    0.758300] ACPI: Battery Slot [BAT0] (battery present)
[    0.760123] Serial: 8250/16550 driver, 32 ports, IRQ sharing enabled
[    0.788911] 00:02: ttyS0 at I/O 0x3f8 (irq = 4, base_baud = 115200) is a 16550A
[    0.792435] Linux agpgart interface v0.103
[    0.800727] loop: module loaded
[    0.803973] scsi host0: ata_piix
[    0.806647] scsi host1: ata_piix
[    0.809367] ata1: PATA max UDMA/33 cmd 0x1f0 ctl 0x3f6 bmdma 0xd000 irq 14
[    0.812250] ata2: PATA max UDMA/33 cmd 0x170 ctl 0x376 bmdma 0xd008 irq 15
[    0.819113] libphy: Fixed MDIO Bus: probed
[    0.821548] tun: Universal TUN/TAP device driver, 1.6
[    0.825335] PPP generic driver version 2.4.2
[    0.830112] ehci_hcd: USB 2.0 'Enhanced' Host Controller (EHCI) Driver
[    0.833709] ehci-pci: EHCI PCI platform driver
[    0.833940] ehci-platform: EHCI generic platform driver
[    0.833940] ohci_hcd: USB 1.1 'Open' Host Controller (OHCI) Driver
[    0.833940] ohci-pci: OHCI PCI platform driver
[    0.833940] ohci-platform: OHCI generic platform driver
[    0.833940] uhci_hcd: USB Universal Host Controller Interface driver
[    0.833940] i8042: PNP: PS/2 Controller [PNP0303:PS2K,PNP0f03:PS2M] at 0x60,0x64 irq 1,12
[    0.862016] serio: i8042 KBD port at 0x60,0x64 irq 1
[    0.864830] serio: i8042 AUX port at 0x60,0x64 irq 12
[    0.868391] mousedev: PS/2 mouse device common for all mice
[    0.873579] rtc_cmos rtc_cmos: rtc core: registered rtc_cmos as rtc0
[    0.877466] rtc_cmos rtc_cmos: alarms up to one day, 114 bytes nvram
[    0.877466] i2c /dev entries driver
[    0.877466] device-mapper: uevent: version 1.0.3
[    0.890381] device-mapper: ioctl: 4.37.0-ioctl (2017-09-20) initialised: dm-devel@redhat.com
[    0.898343] ledtrig-cpu: registered to indicate activity on CPUs
[    0.903681] NET: Registered protocol family 10
[    0.908675] input: AT Translated Set 2 keyboard as /devices/platform/i8042/serio0/input/input2
[    0.918406] Segment Routing with IPv6
[    0.920830] NET: Registered protocol family 17
[    0.923720] Key type dns_resolver registered
[    0.926860] mce: Using 0 MCE banks
[    0.929224] RAS: Correctable Errors collector initialized.
[    0.930842] sched_clock: Marking stable (926842624, 0)->(1644472514, -717629890)
[    0.939933] registered taskstats version 1
[    0.942408] Loading compiled-in X.509 certificates
[    0.948488] Loaded X.509 cert 'Build time autogenerated kernel key: 0a1d29121daa2b7d2f161393c6dada9f3b0868f3'
[    0.954186] Loaded X.509 cert 'Canonical Ltd. Live Patch Signing: 14df34d1a87cf37625abec039ef2bf521249b969'
[    0.959815] Loaded X.509 cert 'Canonical Ltd. Kernel Module Signing: 88f752e560a1e0737e31163a466ad7b70a850c19'
[    0.965578] blacklist: Loading compiled-in revocation X.509 certificates
[    0.969442] Loaded X.509 cert 'Canonical Ltd. Secure Boot Signing: 61482aa2830d0ab2ad5af10b7250da9033ddcef0'
[    0.974910] zswap: loaded using pool lzo/zbud
[    1.000617] Key type big_key registered
[    1.003373] Key type trusted registered
[    1.007128] Key type encrypted registered
[    1.009826] AppArmor: AppArmor sha1 policy hashing enabled
[    1.013592] ima: No TPM chip found, activating TPM-bypass! (rc=-19)
[    1.017427] ima: Allocated hash algorithm: sha1
[    1.020281] evm: HMAC attrs: 0x1
[    1.022739]   Magic number: 14:500:779
[    1.025193] rtc_cmos rtc_cmos: setting system clock to 2022-03-03 10:45:25 UTC (1646304325)
[    1.029794] BIOS EDD facility v0.16 2004-Jun-25, 0 devices found
[    1.032972] EDD information not available.
[    1.037914] Freeing unused kernel image memory: 2476K
[    1.061015] Write protecting the kernel read-only data: 20480k
[    1.064774] Freeing unused kernel image memory: 2008K
[    1.067719] Freeing unused kernel image memory: 1820K
[    1.073798] x86/mm: Checked W+X mappings: passed, no W+X pages found.
Loading, please wait...
starting version 237
[    1.756615] Fusion MPT base driver 3.04.20
[    1.760198] Copyright (c) 1999-2008 LSI Corporation
[    1.810489] e1000: Intel(R) PRO/1000 Network Driver - version 7.3.21-k8-NAPI
[    1.815473] e1000: Copyright (c) 1999-2006 Intel Corporation.
[    1.821589] Fusion MPT SPI Host driver 3.04.20
[    2.064898] input: ImExPS/2 Generic Explorer Mouse as /devices/platform/i8042/serio1/input/input4
[    2.680417] e1000 0000:00:03.0 eth0: (PCI:33MHz:32-bit) 02:3c:f7:6e:ce:46
[    2.684495] e1000 0000:00:03.0 eth0: Intel(R) PRO/1000 Network Connection
[    2.689724] mptbase: ioc0: Initiating bringup
[    2.693627] e1000 0000:00:03.0 enp0s3: renamed from eth0
[    2.801736] ioc0: LSI53C1030 A0: Capabilities={Initiator}
[    3.822413] scsi host2: ioc0: LSI53C1030 A0, FwRev=00000000h, Ports=1, MaxQ=256, IRQ=20
[    4.169730] scsi 2:0:0:0: Direct-Access     VBOX     HARDDISK         1.0  PQ: 0 ANSI: 5
[    4.676424] scsi target2:0:0: Beginning Domain Validation
[    4.683959] scsi target2:0:0: Domain Validation skipping write tests
[    4.687151] scsi target2:0:0: Ending Domain Validation
[    4.690228] scsi target2:0:0: asynchronous
[    4.693639] scsi 2:0:1:0: Direct-Access     VBOX     HARDDISK         1.0  PQ: 0 ANSI: 5
[    4.787659] scsi target2:0:1: Beginning Domain Validation
[    4.795591] scsi target2:0:1: Domain Validation skipping write tests
[    4.798782] scsi target2:0:1: Ending Domain Validation
[    4.801570] random: fast init done
[    4.803481] scsi target2:0:1: asynchronous
[    4.812606] random: systemd-udevd: uninitialized urandom read (16 bytes read)
[    4.816536] random: systemd-udevd: uninitialized urandom read (16 bytes read)
[    4.820267] random: systemd-udevd: uninitialized urandom read (16 bytes read)
[    4.824560] sd 2:0:0:0: Attached scsi generic sg0 type 0
[    4.828941] sd 2:0:1:0: [sdb] 20480 512-byte logical blocks: (10.5 MB/10.0 MiB)
[    4.829002] sd 2:0:0:0: [sda] 83886080 512-byte logical blocks: (42.9 GB/40.0 GiB)
[    4.833301] sd 2:0:1:0: [sdb] Write Protect is off
[    4.842349] sd 2:0:1:0: Attached scsi generic sg1 type 0
[    4.845687] sd 2:0:0:0: [sda] Write Protect is off
[    4.845857] sd 2:0:1:0: [sdb] Incomplete mode parameter data
[    4.851647] sd 2:0:1:0: [sdb] Assuming drive cache: write through
[    4.856354] sd 2:0:0:0: [sda] Incomplete mode parameter data
[    4.859633] sd 2:0:0:0: [sda] Assuming drive cache: write through
[    4.867180]  sda: sda1
[    4.869679] sd 2:0:1:0: [sdb] Attached SCSI disk
[    4.875111] sd 2:0:0:0: [sda] Attached SCSI disk
Begin: Loading essential drivers ... [    6.749155] raid6: sse2x1   gen() 25212 MB/s
[    7.748536] raid6: sse2x1   xor() 247620 MB/s
[    9.752301] raid6: sse2x2   gen() 495955 MB/s
[   11.802329] raid6: sse2x2   xor() 15860 MB/s
[   11.866694] raid6: sse2x4   gen() 27929 MB/s
[   11.930729] raid6: sse2x4   xor() 16275 MB/s
[   11.933705] raid6: using algorithm sse2x2 gen() 495955 MB/s
[   11.936985] raid6: .... xor() 15860 MB/s, rmw enabled
[   11.940134] raid6: using ssse3x2 recovery algorithm
[   11.945112] xor: measuring software checksum speed
[   11.984295]    prefetch64-sse: 22890.000 MB/sec
[   12.024305]    generic_sse: 21518.000 MB/sec
[   12.026799] xor: using function: prefetch64-sse (22890.000 MB/sec)
[   12.032773] async_tx: api initialized (async)
done.
Begin: Running /scripts/init-premount ... done.
Begin: Mounting root file system ... Begin: Running /scripts/local-top ... done.
Begin: Running /scripts/local-premount ... [   12.075693] Btrfs loaded, crc32c=crc32c-intel
Scanning for Btrfs filesystems
done.
Warning: fsck not present, so skipping root file system
[   12.114696] EXT4-fs (sda1): mounted filesystem with ordered data mode. Opts: (null)
done.
Begin: Running /scripts/local-bottom ... done.
Begin: Running /scripts/init-bottom ... done.
[   12.267655] ip_tables: (C) 2000-2006 Netfilter Core Team
[   12.278487] systemd[1]: systemd 237 running in system mode. (+PAM +AUDIT +SELINUX +IMA +APPARMOR +SMACK +SYSVINIT +UTMP +LIBCRYPTSETUP +GCRYPT +GNUTLS +ACL +XZ +LZ4 +SECCOMP +BLKID +ELFUTILS +KMOD -IDN2 +IDN -PCRE2 default-hierarchy=hybrid)
[   12.289005] systemd[1]: Detected virtualization oracle.
[   12.291673] systemd[1]: Detected architecture x86-64.

Welcome to [1mUbuntu 18.04.6 LTS[0m!

[   12.316402] systemd[1]: Set hostname to <ubuntu>.
[   12.324191] systemd[1]: Initializing machine ID from random generator.
[   12.327743] systemd[1]: Installed transient /etc/machine-id file.
[   12.563985] systemd[1]: Reached target User and Group Name Lookups.
[[0;32m  OK  [0m] Reached target User and Group Name Lookups.
[   12.568672] systemd[1]: Started Forward Password Requests to Wall Directory Watch.
[[0;32m  OK  [0m] Started Forward Password Requests to Wall Directory Watch.
[   12.574357] systemd[1]: Set up automount Arbitrary Executable File Formats File System Automount Point.
[[0;32m  OK  [0m] Set up automount Arbitrary Executab…rmats File System Automount Point.
[   12.588788] systemd[1]: Created slice System Slice.
[[0;32m  OK  [0m] Created slice System Slice.
[[0;32m  OK  [0m] Listening on Journal Socket (/dev/log).
[[0;32m  OK  [0m] Listening on Network Service Netlink Socket.
[[0;32m  OK  [0m] Listening on Journal Socket.
         Starting Create list of required st…ce nodes for the current kernel...
         Starting Load Kernel Modules...
         Starting Uncomplicated firewall...
[[0;32m  OK  [0m] Created slice system-serial\x2dgetty.slice.
[[0;32m  OK  [0m] Listening on Syslog Socket.
[[0;32m  OK  [0m] Listening on LVM2 metadata daemon socket.
[[0;32m  OK  [0m] Listening on Journal Audit Socket.
         Starting Journal Service...
         Starting Set the console keyboard layout...
[[0;32m  OK  [0m] Listening on LVM2 poll daemon socket.
[[0;32m  OK  [0m] Listening on fsck to fsckd communication Socket.
[   12.673501] Loading iSCSI transport class v2.0-870.
         Mounting Kernel Debug File System...
[[0;32m  OK  [0m] Reached target Swap.
         Starting File System Check on Root Device...
[[0;32m  OK  [0m] Reached target System Time Synchronized.
         Mounting POSIX Message Queue File System...
[[0;32m  OK  [0m] Listening on Device-mapper event daemon FIFOs.
[[0;32m  OK  [0m] Listening on /dev/initctl Compatibility Named Pipe.
         Starting Monitoring of LVM2 mirrors…ng dmeventd or progress polling...
[[0;32m  OK  [0m] Listening on udev Kernel Socket.
         Mounting Huge Pages File System...
[[0;32m  OK  [0m] Listening on udev Control Socket.
         Starting udev Coldplug all Devices...
[[0;32m  OK  [0m] Created slice User and Session Slice.
[[0;32m  OK  [0m] Reached target Slices.
[[0;32m  OK  [0m] Started Create list of required sta…vice nodes for the current kernel.
         Starting Create Static Device Nodes in /dev...
[   12.722502] iscsi: registered transport (tcp)
[   12.740051] iscsi: registered transport (iser)
[[0;32m  OK  [0m] Started Load Kernel Modules.
         Mounting Kernel Configuration File System...
         Mounting FUSE Control File System...
         Starting Apply Kernel Variables...
[[0;32m  OK  [0m] Started File System Check Daemon to report status.
[[0;32m  OK  [0m] Started LVM2 metadata daemon.
[[0;32m  OK  [0m] Mounted Kernel Debug File System.
[[0;32m  OK  [0m] Mounted POSIX Message Queue File System.
[[0;32m  OK  [0m] Mounted Huge Pages File System.
[[0;32m  OK  [0m] Mounted Kernel Configuration File System.
[[0;32m  OK  [0m] Mounted FUSE Control File System.
[[0;32m  OK  [0m] Started Uncomplicated firewall.
[[0;32m  OK  [0m] Started udev Coldplug all Devices.
[[0;32m  OK  [0m] Started Create Static Device Nodes in /dev.
[[0;32m  OK  [0m] Started Journal Service.
[[0;32m  OK  [0m] Started Apply Kernel Variables.
[[0;32m  OK  [0m] Started File System Check on Root Device.
         Starting Remount Root and Kernel File Systems...
[[0;32m  OK  [0m] Started Monitoring of LVM2 mirrors,…sing dmeventd or progress polling.
[[0;32m  OK  [0m] Started Remount Root and Kernel File Systems.
         Starting udev Kernel Device Manager...
         Starting Flush Journal to Persistent Storage...
         Starting Load/Save Random Seed...
[[0;32m  OK  [0m] Started Load/Save Random Seed.
[[0;32m  OK  [0m] Started udev Kernel Device Manager.
[[0;32m  OK  [0m] Started Flush Journal to Persistent Storage.
[[0;32m  OK  [0m] Found device /dev/ttyS0.
[[0;32m  OK  [0m] Listening on Load/Save RF Kill Switch Status /dev/rfkill Watch.
[[0;32m  OK  [0m] Started Set the console keyboard layout.
[[0;32m  OK  [0m] Reached target Local File Systems (Pre).
[[0;32m  OK  [0m] Reached target Local File Systems.
         Starting Set console font and keymap...
         Starting ebtables ruleset management...
         Starting AppArmor initialization...
         Starting Commit a transient machine-id on disk...
         Starting Create Volatile Files and Directories...
         Starting Tell Plymouth To Write Out Runtime Data...
[[0;32m  OK  [0m] Started Dispatch Password Requests to Console Directory Watch.
[[0;32m  OK  [0m] Reached target Local Encrypted Volumes.
[[0;32m  OK  [0m] Started Set console font and keymap.
[[0;32m  OK  [0m] Started Create Volatile Files and Directories.
         Starting Update UTMP about System Boot/Shutdown...
[[0;32m  OK  [0m] Started Tell Plymouth To Write Out Runtime Data.
[[0;32m  OK  [0m] Started Update UTMP about System Boot/Shutdown.
[[0;32m  OK  [0m] Started Commit a transient machine-id on disk.
[[0;32m  OK  [0m] Started ebtables ruleset management.
[[0;32m  OK  [0m] Started AppArmor initialization.
         Starting Initial cloud-init job (pre-networking)...
         Starting Load AppArmor profiles managed internally by snapd...
[[0;32m  OK  [0m] Started Load AppArmor profiles managed internally by snapd.
[   15.953900] cloud-init[555]: Cloud-init v. 21.4-0ubuntu1~18.04.1 running 'init-local' at Thu, 03 Mar 2022 10:45:40 +0000. Up 15.69 seconds.
[[0;32m  OK  [0m] Started Initial cloud-init job (pre-networking).
[[0;32m  OK  [0m] Reached target Network (Pre).
         Starting Network Service...
[[0;32m  OK  [0m] Started Network Service.
         Starting Wait for Network to be Configured...
         Starting Network Name Resolution...
[[0;32m  OK  [0m] Started Network Name Resolution.
[[0;32m  OK  [0m] Reached target Network.
[[0;32m  OK  [0m] Reached target Host and Network Name Lookups.
[[0;32m  OK  [0m] Started Wait for Network to be Configured.
         Starting Initial cloud-init job (metadata service crawler)...
[   18.376143] cloud-init[687]: Cloud-init v. 21.4-0ubuntu1~18.04.1 running 'init' at Thu, 03 Mar 2022 10:45:42 +0000. Up 18.29 seconds.
[   18.379897] cloud-init[687]: ci-info: ++++++++++++++++++++++++++++++++++++++Net device info++++++++++++++++++++++++++++++++++++++
[   18.383099] cloud-init[687]: ci-info: +--------+------+----------------------------+---------------+--------+-------------------+
[   18.385418] cloud-init[687]: ci-info: | Device |  Up  |          Address           |      Mask     | Scope  |     Hw-Address    |
[   18.387912] cloud-init[687]: ci-info: +--------+------+----------------------------+---------------+--------+-------------------+
[   18.390567] cloud-init[687]: ci-info: | enp0s3 | True |         10.0.2.15          | 255.255.255.0 | global | 02:3c:f7:6e:ce:46 |
[   18.393227] cloud-init[687]: ci-info: | enp0s3 | True | fe80::3c:f7ff:fe6e:ce46/64 |       .       |  link  | 02:3c:f7:6e:ce:46 |
[   18.396160] cloud-init[687]: ci-info: |   lo   | True |         127.0.0.1          |   255.0.0.0   |  host  |         .         |
[   18.399061] cloud-init[687]: ci-info: |   lo   | True |          ::1/128           |       .       |  host  |         .         |
[   18.401318] cloud-init[687]: ci-info: +--------+------+----------------------------+---------------+--------+-------------------+
[   18.404556] cloud-init[687]: ci-info: ++++++++++++++++++++++++++++Route IPv4 info+++++++++++++++++++++++++++++
[   18.406593] cloud-init[687]: ci-info: +-------+-------------+----------+-----------------+-----------+-------+
[   18.408749] cloud-init[687]: ci-info: | Route | Destination | Gateway  |     Genmask     | Interface | Flags |
[   18.410847] cloud-init[687]: ci-info: +-------+-------------+----------+-----------------+-----------+-------+
[   18.412964] cloud-init[687]: ci-info: |   0   |   0.0.0.0   | 10.0.2.2 |     0.0.0.0     |   enp0s3  |   UG  |
[   18.415141] cloud-init[687]: ci-info: |   1   |   10.0.2.0  | 0.0.0.0  |  255.255.255.0  |   enp0s3  |   U   |
[   18.417301] cloud-init[687]: ci-info: |   2   |   10.0.2.2  | 0.0.0.0  | 255.255.255.255 |   enp0s3  |   UH  |
[   18.419333] cloud-init[687]: ci-info: +-------+-------------+----------+-----------------+-----------+-------+
[   18.421385] cloud-init[687]: ci-info: +++++++++++++++++++Route IPv6 info+++++++++++++++++++
[   18.423433] cloud-init[687]: ci-info: +-------+-------------+---------+-----------+-------+
[   18.425824] cloud-init[687]: ci-info: | Route | Destination | Gateway | Interface | Flags |
[   18.428130] cloud-init[687]: ci-info: +-------+-------------+---------+-----------+-------+
[   18.430304] cloud-init[687]: ci-info: |   1   |  fe80::/64  |    ::   |   enp0s3  |   U   |
[   18.432762] cloud-init[687]: ci-info: |   3   |    local    |    ::   |   enp0s3  |   U   |
[   18.434709] cloud-init[687]: ci-info: |   4   |   ff00::/8  |    ::   |   enp0s3  |   U   |
[   18.436435] cloud-init[687]: ci-info: +-------+-------------+---------+-----------+-------+
[   19.035974] cloud-init[687]: Generating public/private rsa key pair.
[   19.045152] cloud-init[687]: Your identification has been saved in /etc/ssh/ssh_host_rsa_key.
[   19.047056] cloud-init[687]: Your public key has been saved in /etc/ssh/ssh_host_rsa_key.pub.
[[0;32m  OK  [0m] Started Initial cloud-init job (metadata service crawler).
[   19.073603] cloud-init[687]: The key fingerprint is:
[[0;32m  OK  [0m] Reached target System Initialization.
[   19.076929] cloud-init[687]: SHA256:KEhCtOr0Sm89iI/FpGTuiT1rcm46BLt1bQopKO6CSdc root@ubuntu-bionic
[   19.079998] cloud-init[687]: The key's randomart image is:
[   19.080102] cloud-init[687]: +---[RSA 2048]----+
[[0;32m  OK  [0m] Listening on D-Bus System Message Bus Socket.
[   19.080137] cloud-init[687]: |.o               |
[   19.086845] cloud-init[687]: |. .              |
         Starting Socket activation for snappy daemon.
[[0;32m  OK  [0m] Listening on UUID daemon activation socket.
[   19.086964] cloud-init[687]: |...              |
[[0;32m  OK  [0m] Started Daily apt download activities.[   19.092467] 
cloud-init[687]: |oo .   .         |
[   19.095299] [cloud-init[0;32m  OK  [0m[687]: ] |+=.oo.. S        |Listening on Open-iSCSI iscsid Socket.

[   19.095347] cloud-init[687]: |@oO..Eo          |
[   19.098476] [cloud-init[0;32m  OK  [0m[687]: ] |*Xo*oo           |Started Message of the Day.

[   19.101117] cloud-init[687]: |@+@o.o           |
[   19.103286] cloud-init[687]: |=#*=  .          |
         Starting LXD - unix socket.
[[0;32m  OK  [0m] Started Daily apt upgrade and clean activities.
[[0;32m  OK  [0m] Started Ubuntu Advantage Timer for running repeated jobs.
[[0;32m  OK  [0m] Listening on ACPID Listen Socket.
[   19.184686] cloud-init[687]: +----[SHA256]-----+
[   19.192768] cloud-init[687]: Generating public/private dsa key pair.
[   19.194391] cloud-init[687]: Your identification has been saved in /etc/ssh/ssh_host_dsa_key.
[   19.196104] cloud-init[687]: Your public key has been saved in /etc/ssh/ssh_host_dsa_key.pub.
[[0;32m  OK  [0m] Started Trigger to poll for Ubuntu …(Only enabled on GCP LTS non-pro).
[[0;32m  OK  [0m] Started Daily Cleanup of Temporary Directories.
[   19.201018] cloud-init[687]: The key fingerprint is:
[   19.207797] cloud-init[687]: SHA256:mNvomgk9rwiPZNSJl778nWku1VqSPWrECMryMnt/IaQ root@ubuntu-bionic
[[0;32m  OK  [0m] Listening on cloud-init hotplug hook socket.
[[0;32m  OK  [0m] Started Discard unused blocks once a week.
[[0;32m  OK  [0m] Reached target Timers.
[   19.211987] cloud-init[687]: The key's randomart image is:
[   19.219160] cloud-init[687]: +---[DSA 1024]----+
[   19.220413] cloud-init[687]: |                 |
[[0;32m  OK  [0m] Started ACPI Events Check.
[[0;32m  OK  [0m] Reached target Paths.
[   19.220473] cloud-init[687]: |                 |
[   19.224142] cloud-init[687]: |                 |
[[0;32m  OK  [0m] Reached target Cloud-config availability.
[[0;32m  OK  [0m] Reached target Network is Online.
[   19.236399] cloud-init[687]: |  o.+  o         |
[   19.239588] cloud-init[687]: |.o.B. = S        |
[   19.241453] cloud-init[687]: |ooE....X =       |
[   19.243086] cloud-init[687]: |o+..o.=.* .      |
[   19.247768]          cloud-initStarting Availability of block devices...[687]: 
|=++o.Bo=o        |
[   19.250063] cloud-init[687]: |o=o+B=B=         |
[   19.251254] [cloud-init[0;32m  OK  [0m[687]: ] +----[SHA256]-----+Reached target Remote File Systems (Pre).

[   19.253636] [cloud-init[0;32m  OK  [0m[687]: ] Generating public/private ecdsa key pair.Reached target Remote File Systems.

[   19.253689] cloud-init[687]: Your identification has been saved in /etc/ssh/ssh_host_ecdsa_key.
[   19.258479] cloud-init[687]: Your public key has been saved in /etc/ssh/ssh_host_ecdsa_key.pub.
[   19.260614] cloud-init[687]: The key fingerprint is:
[[0;32m  OK  [0m] Listening on Socket activation for snappy daemon.
[   19.261882] cloud-init[687]: SHA256:7wE4Lgj1KaVIo5LAaoGha+drCeyZrGjEaHOscD0qfbA root@ubuntu-bionic
[   19.265425] cloud-init[687]: The key's randomart image is:
[   19.266931] [cloud-init[0;32m  OK  [0m[687]: ] +---[ECDSA 256]---+Listening on LXD - unix socket.

[[0;32m  OK  [0m] Started Availability of block devices.[   19.269524] 
cloud-init[687]: |.                |
[   19.272088] cloud-init[687]: |+.               |
[   19.273132] cloud-init[687]: |+=. .            |
[[0;32m  OK  [0m] Reached target Sockets.
[[   19.273184] [0;32m  OK  [0mcloud-init] [687]: Reached target Basic System.|==o+ . .         |

[   19.277375] cloud-init[687]: |%o+oo o S        |
[[0;32m  OK  [0m] Started irqbalance daemon.
         Starting Virtualbox guest utils...
[[0;32m  OK  [0m] Started FUSE filesystem for LXC.
[[0;32m  OK  [0m] Started Deferred execution scheduler.
         Starting LSB: automatic crash report generation...
         Starting Accounts Service...
         Starting Permit User Sessions...
         Starting LXD - container startup/shutdown...
[   19.281841] cloud-init[687]: |*O==o. . o       |
[   19.310359] cloud-init[687]: |*oO=o..   o      |
[   19.312303] cloud-init[687]: |oBEoo.   . .     |
[   19.313804] cloud-init[687]: |=..o      .      |
[   19.314954] cloud-init[687]: +----[SHA256]-----+
[   19.315969] cloud-init[687]: Generating public/private ed25519 key pair.
[   19.317707] cloud-init[687]: Your identification has been saved in /etc/ssh/ssh_host_ed25519_key.
[   19.320214] cloud-init[687]: Your public key has been saved in /etc/ssh/ssh_host_ed25519_key.pub.
[   19.328803] cloud-init[687]: The key fingerprint is:
[   19.331185] cloud-init[687]: SHA256:IJCQlOnleZusp3Pr9Y3Ud+3ajf2zGZ2c99dqqgQ2hZE root@ubuntu-bionic
[   19.333399] cloud-init[687]: The key's randomart image is:
[   19.335965] cloud-init[687]: +--[ED25519 256]--+
[   19.337385] cloud-init[687]: |o++.    ..       |
[   19.338402] cloud-init[687]: |.o.o    Eo       |
[   19.339577] cloud-init[687]: |. o o . . .      |
[   19.340834] cloud-init[687]: | . o o . .       |
[   19.343423] cloud-init[687]: |    o o S        |
[   19.346413] cloud-init[687]: |     + . o.   . =|
[   19.347524] cloud-init[687]: |    .  . ... . *=|
[   19.348757] cloud-init[687]: |   o o. o.o . o*O|
[   19.351449] cloud-init[687]: |   .*o.  o.o.o+=%|
[   19.352640] cloud-init[687]: +----[SHA256]-----+
         Starting Dispatcher daemon for systemd-networkd...
         Starting LSB: Record successful boot for GRUB...
[[0;32m  OK  [0m] Started Regular background program processing daemon.
         Starting System Logging Service...
[[0;32m  OK  [0m] Started D-Bus System Message Bus.
         Starting Pollinate to seed the pseudo random number generator...
         Starting Login Service...
         Starting Snap Daemon...
[[0;32m  OK  [0m] Started System Logging Service.
[[0;32m  OK  [0m] Started Permit User Sessions.
[[0;32m  OK  [0m] Started Dispatcher daemon for systemd-networkd.
[[0;32m  OK  [0m] Started LXD - container startup/shutdown.
         Starting Authorization Manager...
         Starting Terminate Plymouth Boot Screen...
         Starting Hold until boot process finishes up...
[[0;32m  OK  [0m] Started Hold until boot process finishes up.
[[0;32m  OK  [0m] Started Terminate Plymouth Boot Screen.
[[0;32m  OK  [0m] Started Serial Getty on ttyS0.
         Starting Set console scheme...
[[0;32m  OK  [0m] Started Login Service.
[[0;32m  OK  [0m] Started Unattended Upgrades Shutdown.
[[0;32m  OK  [0m] Started Set console scheme.
[[0;32m  OK  [0m] Created slice system-getty.slice.
[[0;32m  OK  [0m] Started Getty on tty1.
[[0;32m  OK  [0m] Reached target Login Prompts.
[[0;32m  OK  [0m] Started LSB: automatic crash report generation.
[[0;32m  OK  [0m] Started Authorization Manager.
[[0;32m  OK  [0m] Started Accounts Service.
[[0;32m  OK  [0m] Started LSB: Record successful boot for GRUB.
[[0;32m  OK  [0m] Started Virtualbox guest utils.
[[0;32m  OK  [0m] Started Snap Daemon.
         Starting Wait until snapd is fully seeded...
         Starting Time & Date Service...
[[0;32m  OK  [0m] Started Time & Date Service.
[[0;32m  OK  [0m] Started Pollinate to seed the pseudo random number generator.
         Starting OpenBSD Secure Shell server...
[[0;32m  OK  [0m] Started OpenBSD Secure Shell server.
[[0;32m  OK  [0m] Created slice User Slice of vagrant.
         Starting User Manager for UID 1000...
[[0;32m  OK  [0m] Started Session 1 of user vagrant.
[[0;32m  OK  [0m] Started User Manager for UID 1000.
[[0;32m  OK  [0m] Started Wait until snapd is fully seeded.
         Starting Apply the settings specified in cloud-config...
[[0;32m  OK  [0m] Reached target Multi-User System.
[[0;32m  OK  [0m] Reached target Graphical Interface.
         Starting Update UTMP about System Runlevel Changes...
[[0;32m  OK  [0m] Started Update UTMP about System Runlevel Changes.
[   25.062222] cloud-init[1446]: Cloud-init v. 21.4-0ubuntu1~18.04.1 running 'modules:config' at Thu, 03 Mar 2022 10:45:48 +0000. Up 24.35 seconds.
ci-info: no authorized SSH keys fingerprints found for user ubuntu.
<14>Mar  3 10:45:49 cloud-init: #############################################################
<14>Mar  3 10:45:49 cloud-init: -----BEGIN SSH HOST KEY FINGERPRINTS-----
<14>Mar  3 10:45:49 cloud-init: 1024 SHA256:mNvomgk9rwiPZNSJl778nWku1VqSPWrECMryMnt/IaQ root@ubuntu-bionic (DSA)
<14>Mar  3 10:45:49 cloud-init: 256 SHA256:7wE4Lgj1KaVIo5LAaoGha+drCeyZrGjEaHOscD0qfbA root@ubuntu-bionic (ECDSA)
<14>Mar  3 10:45:49 cloud-init: 256 SHA256:IJCQlOnleZusp3Pr9Y3Ud+3ajf2zGZ2c99dqqgQ2hZE root@ubuntu-bionic (ED25519)
<14>Mar  3 10:45:49 cloud-init: 2048 SHA256:KEhCtOr0Sm89iI/FpGTuiT1rcm46BLt1bQopKO6CSdc root@ubuntu-bionic (RSA)
<14>Mar  3 10:45:49 cloud-init: -----END SSH HOST KEY FINGERPRINTS-----
<14>Mar  3 10:45:49 cloud-init: #############################################################
-----BEGIN SSH HOST KEY KEYS-----
ecdsa-sha2-nistp256 AAAAE2VjZHNhLXNoYTItbmlzdHAyNTYAAAAIbmlzdHAyNTYAAABBBCO3Wd25BtQvbm4Iu4R3L+w5uf3aKorf36H+klRghgk3inHxQ/YViA8BY1mxEOLJNeNEYgfVM7zv5ZuSx9zpfQg= root@ubuntu-bionic
ssh-ed25519 AAAAC3NzaC1lZDI1NTE5AAAAIFVKNf2c0Gjs5wB9oh6q+50WdmcKM4B1Pm0EvyiYmcaX root@ubuntu-bionic
ssh-rsa AAAAB3NzaC1yc2EAAAADAQABAAABAQDPzn3+tYpI+pvHuH93xLA8baaXJjObFmBVnv9cAGq42dvIufnRzl3JkTxI1JQj5d5vxU2Yxnv5Uc7E0F3CpT5IOJUVRzAPNvBTS/iNF0qv8TL9wuD/D6p4WpPqZrHvuwRgZ2SIHYQQWLQc/GdK2kSrwlzY1UHZd3rQedtouPPOyAtasx+nxP/VvpE2v13g6QvETdVwyWLC7cH2SEga4RyWXWfgU6O11zQuguzRltS+JWAO+W9XKqCqOvb0vuE/Fw7oWGNWae7MjFgKTrjBan0wg5PW5lru8T5AVo0Meh9aLReB6Xz10pq90zWiaV7sq58Kw3yv8dKXmLRgMlFvJ0AR root@ubuntu-bionic
-----END SSH HOST KEY KEYS-----
[   25.521987] cloud-init[1565]: Cloud-init v. 21.4-0ubuntu1~18.04.1 running 'modules:final' at Thu, 03 Mar 2022 10:45:49 +0000. Up 25.41 seconds.
[   25.522038] cloud-init[1565]: ci-info: no authorized SSH keys fingerprints found for user ubuntu.
[   25.522056] cloud-init[1565]: Cloud-init v. 21.4-0ubuntu1~18.04.1 finished at Thu, 03 Mar 2022 10:45:49 +0000. Datasource DataSourceNoCloud [seed=/dev/sdb][dsmode=net].  Up 25.51 seconds

Ubuntu 18.04.6 LTS ubuntu-bionic ttyS0

ubuntu-bionic login: 